<?xml version="1.0" encoding="UTF-8"?>
<!-- Generated by org.testng.reporters.JUnitReportReporter -->
<testsuite skipped="0" hostname="ANour-MBP.local" name="TestLinkedIn" tests="2" failures="0" timestamp="24 Mar 2019 22:07:11 GMT" time="14.153" errors="0">
  <testcase name="runGetTitle" time="4.287" classname="TestLinkedIn"/>
  <testcase name="runLogIn" time="9.866" classname="TestLinkedIn"/>
</testsuite> <!-- TestLinkedIn -->
