<?xml version="1.0" encoding="UTF-8"?>
<!-- Generated by org.testng.reporters.JUnitReportReporter -->
<testsuite skipped="0" hostname="ANour-MBP.local" name="TestTwitter" tests="2" failures="0" timestamp="24 Mar 2019 22:04:08 GMT" time="8.168" errors="0">
  <testcase name="runGetTitle" time="3.025" classname="TestTwitter"/>
  <testcase name="runLogUp" time="5.143" classname="TestTwitter"/>
</testsuite> <!-- TestTwitter -->
